2014-02-25 16:11:50,268 - WARNING: Error in loading license from server java.lang.Exception: no key in AppConfig.json
2014-02-25 16:11:50,272 - WARNING: Running with 500 CCU limit
2014-02-25 16:11:50,734 - INFO: TCP server started
2014-02-25 16:11:50,776 - INFO: UDPServer started
2014-02-25 16:11:50,789 - INFO: started FlashPolicyServer
2014-02-25 16:11:50,791 - WARNING: Error in createHSQLServiceTable java.sql.SQLSyntaxErrorException: object name already exists: SERVICE in statement [CREATE TABLE service(AppKey varchar(20),Secret varchar(20),Name varchar(20),PRIMARY KEY (AppKey))]
2014-02-25 16:11:50,791 - WARNING: Error in createHSQLMteringTable java.sql.SQLSyntaxErrorException: object name already exists: METERING in statement [CREATE TABLE metering(AppKey varchar(20),sent int,received int,name varchar(35))]
2014-02-25 16:11:50,791 - WARNING: Error in createHSQLRoomTable java.sql.SQLSyntaxErrorException: object name already exists: ROOM in statement [CREATE TABLE room(AppKey varchar(20),id varchar(20),maxPlayers int,name varchar(20),properties varchar(500),PRIMARY KEY (AppKey,id))]
2014-02-25 16:12:09,154 - INFO: handleAuthRequest Payload received {"version":"WP_1.4", "timeStamp":"1393344728", "apiKey":"b7eb415b-85e2-4ef2-a", "user":"ravi", "keepalive":"6", "recoverytime":"0", "authData":""}
2014-02-25 16:12:09,155 - INFO: Successfully opened a new session
2014-02-25 16:12:11,439 - INFO: handleAuthRequest Payload received {"version":"WP_1.4", "timeStamp":"1393344731", "apiKey":"b7eb415b-85e2-4ef2-a", "user":"rahul", "keepalive":"6", "recoverytime":"0", "authData":""}
2014-02-25 16:12:11,439 - INFO: Successfully opened a new session
2014-02-25 16:12:14,408 - INFO: Received: 5 Sent: 7
2014-02-25 16:12:14,412 - INFO: billing AppKey b7eb415b-85e2-4ef2-a for 12 messages
2014-02-25 16:12:46,779 - INFO: Received: 24 Sent: 11
2014-02-25 16:12:46,781 - INFO: billing AppKey b7eb415b-85e2-4ef2-a for 35 messages
2014-02-25 16:13:52,395 - INFO: handleAuthRequest Payload received {"version":"WP_1.4", "timeStamp":"1393344831", "apiKey":"b7eb415b-85e2-4ef2-a", "user":"ravi", "keepalive":"6", "recoverytime":"0", "authData":""}
2014-02-25 16:13:52,395 - INFO: Successfully opened a new session
2014-02-25 16:13:55,024 - INFO: handleAuthRequest Payload received {"version":"WP_1.4", "timeStamp":"1393344835", "apiKey":"b7eb415b-85e2-4ef2-a", "user":"rahul", "keepalive":"6", "recoverytime":"0", "authData":""}
2014-02-25 16:13:55,024 - INFO: Successfully opened a new session
2014-02-25 16:14:01,334 - INFO: Received: 7 Sent: 7
2014-02-25 16:14:01,341 - INFO: billing AppKey b7eb415b-85e2-4ef2-a for 14 messages
2014-02-25 16:14:08,992 - INFO: Received: 13 Sent: 10
2014-02-25 16:14:08,993 - INFO: billing AppKey b7eb415b-85e2-4ef2-a for 23 messages
2014-02-25 16:30:58,905 - WARNING: Error in loading license from server java.lang.Exception: no key in AppConfig.json
2014-02-25 16:30:58,909 - WARNING: Running with 500 CCU limit
2014-02-25 16:31:20,074 - WARNING: Error in loading license from server java.lang.Exception: no key in AppConfig.json
2014-02-25 16:31:20,078 - WARNING: Running with 500 CCU limit
2014-02-25 16:31:20,554 - INFO: TCP server started
2014-02-25 16:31:20,598 - INFO: UDPServer started
2014-02-25 16:31:20,611 - INFO: started FlashPolicyServer
2014-02-25 16:31:20,613 - WARNING: Error in createHSQLServiceTable java.sql.SQLSyntaxErrorException: object name already exists: SERVICE in statement [CREATE TABLE service(AppKey varchar(20),Secret varchar(20),Name varchar(20),PRIMARY KEY (AppKey))]
2014-02-25 16:31:20,613 - WARNING: Error in createHSQLMteringTable java.sql.SQLSyntaxErrorException: object name already exists: METERING in statement [CREATE TABLE metering(AppKey varchar(20),sent int,received int,name varchar(35))]
2014-02-25 16:31:20,613 - WARNING: Error in createHSQLRoomTable java.sql.SQLSyntaxErrorException: object name already exists: ROOM in statement [CREATE TABLE room(AppKey varchar(20),id varchar(20),maxPlayers int,name varchar(20),properties varchar(500),PRIMARY KEY (AppKey,id))]
2014-02-25 16:47:29,764 - WARNING: Error in loading license from server java.lang.Exception: no key in AppConfig.json
2014-02-25 16:47:29,768 - WARNING: Running with 500 CCU limit
2014-02-25 16:49:03,458 - WARNING: Error in loading license from server java.lang.Exception: no key in AppConfig.json
2014-02-25 16:49:03,462 - WARNING: Running with 500 CCU limit
2014-02-25 16:49:03,925 - INFO: TCP server started
2014-02-25 16:49:03,967 - INFO: UDPServer started
2014-02-25 16:49:03,980 - INFO: started FlashPolicyServer
2014-02-25 16:49:03,982 - WARNING: Error in createHSQLServiceTable java.sql.SQLSyntaxErrorException: object name already exists: SERVICE in statement [CREATE TABLE service(AppKey varchar(20),Secret varchar(20),Name varchar(20),PRIMARY KEY (AppKey))]
2014-02-25 16:49:03,982 - WARNING: Error in createHSQLMteringTable java.sql.SQLSyntaxErrorException: object name already exists: METERING in statement [CREATE TABLE metering(AppKey varchar(20),sent int,received int,name varchar(35))]
2014-02-25 16:49:03,982 - WARNING: Error in createHSQLRoomTable java.sql.SQLSyntaxErrorException: object name already exists: ROOM in statement [CREATE TABLE room(AppKey varchar(20),id varchar(20),maxPlayers int,name varchar(20),properties varchar(500),PRIMARY KEY (AppKey,id))]
2014-02-25 16:49:44,151 - INFO: handleAuthRequest Payload received {"version":"WP_1.4", "timeStamp":"1393346983", "apiKey":"b7eb415b-85e2-4ef2-a", "user":"rahul", "keepalive":"6", "recoverytime":"0", "authData":""}
2014-02-25 16:49:44,153 - INFO: Successfully opened a new session
2014-02-25 16:49:46,925 - INFO: handleAuthRequest Payload received {"version":"WP_1.4", "timeStamp":"1393346986", "apiKey":"b7eb415b-85e2-4ef2-a", "user":"ravi", "keepalive":"6", "recoverytime":"0", "authData":""}
2014-02-25 16:49:46,925 - INFO: Successfully opened a new session
2014-02-25 16:49:51,920 - INFO: Received: 6 Sent: 7
2014-02-25 16:49:51,923 - INFO: billing AppKey b7eb415b-85e2-4ef2-a for 13 messages
2014-02-25 16:50:08,419 - INFO: Received: 17 Sent: 11
2014-02-25 16:50:08,421 - INFO: billing AppKey b7eb415b-85e2-4ef2-a for 28 messages
2014-02-25 18:45:38,293 - WARNING: Error in loading license from server java.lang.Exception: no key in AppConfig.json
2014-02-25 18:45:38,300 - WARNING: Running with 500 CCU limit
2014-02-25 18:45:38,856 - INFO: TCP server started
2014-02-25 18:45:38,899 - INFO: UDPServer started
2014-02-25 18:45:38,912 - INFO: started FlashPolicyServer
2014-02-25 18:45:38,914 - WARNING: Error in createHSQLServiceTable java.sql.SQLSyntaxErrorException: object name already exists: SERVICE in statement [CREATE TABLE service(AppKey varchar(20),Secret varchar(20),Name varchar(20),PRIMARY KEY (AppKey))]
2014-02-25 18:45:38,914 - WARNING: Error in createHSQLMteringTable java.sql.SQLSyntaxErrorException: object name already exists: METERING in statement [CREATE TABLE metering(AppKey varchar(20),sent int,received int,name varchar(35))]
2014-02-25 18:45:38,914 - WARNING: Error in createHSQLRoomTable java.sql.SQLSyntaxErrorException: object name already exists: ROOM in statement [CREATE TABLE room(AppKey varchar(20),id varchar(20),maxPlayers int,name varchar(20),properties varchar(500),PRIMARY KEY (AppKey,id))]
2014-02-25 18:47:17,947 - INFO: handleAuthRequest Payload received {"version":"WP_1.4", "timeStamp":"1393354036", "apiKey":"b7eb415b-85e2-4ef2-a", "user":"werw", "keepalive":"6", "recoverytime":"0", "authData":""}
2014-02-25 18:47:17,953 - INFO: Successfully opened a new session
2014-02-25 18:47:18,217 - ERROR: LoopTask Caught Exception java.lang.NullPointerException
	at quizserver.QuizRoomAdaptor.handleTimerTick(QuizRoomAdaptor.java:132)
	at com.shephertz.app42.server.domain.Room.handleTimerTick(Room.java:897)
	at com.shephertz.app42.server.domain.Zone.handleTimerTick(Zone.java:837)
	at com.shephertz.app42.server.handler.WarpProtocolHandler.handleTimerTick(WarpProtocolHandler.java:521)
	at com.shephertz.app42.server.handler.LoopTask.run(WarpProtocolHandler.java:645)
	at java.util.TimerThread.mainLoop(Timer.java:512)
	at java.util.TimerThread.run(Timer.java:462)

2014-02-25 18:49:15,247 - WARNING: Error in loading license from server java.lang.Exception: no key in AppConfig.json
2014-02-25 18:49:15,251 - WARNING: Running with 500 CCU limit
2014-02-25 18:49:15,796 - INFO: TCP server started
2014-02-25 18:49:15,842 - INFO: UDPServer started
2014-02-25 18:49:15,855 - INFO: started FlashPolicyServer
2014-02-25 18:49:15,857 - WARNING: Error in createHSQLServiceTable java.sql.SQLSyntaxErrorException: object name already exists: SERVICE in statement [CREATE TABLE service(AppKey varchar(20),Secret varchar(20),Name varchar(20),PRIMARY KEY (AppKey))]
2014-02-25 18:49:15,857 - WARNING: Error in createHSQLMteringTable java.sql.SQLSyntaxErrorException: object name already exists: METERING in statement [CREATE TABLE metering(AppKey varchar(20),sent int,received int,name varchar(35))]
2014-02-25 18:49:15,857 - WARNING: Error in createHSQLRoomTable java.sql.SQLSyntaxErrorException: object name already exists: ROOM in statement [CREATE TABLE room(AppKey varchar(20),id varchar(20),maxPlayers int,name varchar(20),properties varchar(500),PRIMARY KEY (AppKey,id))]
